<?xml version="1.0" encoding="utf-8"?>
<!DOCTYPE coverage SYSTEM "http://cobertura.sourceforge.net/xml/coverage-04.dtd">
<coverage line-rate="0.9230769230769231" branch-rate="1" lines-covered="120" lines-valid="130" branches-covered="18" branches-valid="18" complexity="43" version="0" timestamp="1624483378">
  <sources>
    <source>C:\github\ahcantarim\xpinc-xamarin-forms\src\XPInc.Cantarim.UI.Mobile.CrossPlatform\XPInc.Cantarim.UI.Mobile.CrossPlatform\</source>
  </sources>
  <packages>
    <package name="XPInc.Cantarim.UI.Mobile.CrossPlatform" line-rate="0.9230769230769231" branch-rate="1" complexity="43">
      <classes>
        <class name="XPInc.Cantarim.UI.Mobile.CrossPlatform.Mock.OrdemMock" filename="C:\github\ahcantarim\xpinc-xamarin-forms\src\XPInc.Cantarim.UI.Mobile.CrossPlatform\XPInc.Cantarim.UI.Mobile.CrossPlatform\Mock\OrdemMock.cs" line-rate="1" branch-rate="1" complexity="7">
          <methods>
            <method name="SimularCriacaoOrdem" signature="()" line-rate="1" branch-rate="1" complexity="1">
              <lines>
                <line number="19" hits="475" branch="false" />
                <line number="20" hits="475" branch="false" />
                <line number="21" hits="475" branch="false" />
                <line number="22" hits="475" branch="false" />
                <line number="23" hits="475" branch="false" />
                <line number="24" hits="475" branch="false" />
                <line number="25" hits="475" branch="false" />
                <line number="26" hits="475" branch="false" />
              </lines>
            </method>
            <method name="VerificarAcaoRealizar" signature="(...)" line-rate="1" branch-rate="1" complexity="2">
              <lines>
                <line number="34" hits="5" branch="false" />
                <line number="35" hits="5" branch="true" condition-coverage="100% (2/2)" />
                <line number="36" hits="1" branch="false" />
                <line number="38" hits="4" branch="false" />
                <line number="39" hits="5" branch="false" />
              </lines>
            </method>
            <method name="VerificarCargaTrabalho" signature="(...)" line-rate="1" branch-rate="1" complexity="2">
              <lines>
                <line number="47" hits="27" branch="false" />
                <line number="48" hits="27" branch="true" condition-coverage="100% (2/2)" />
                <line number="49" hits="4" branch="false" />
                <line number="51" hits="23" branch="false" />
                <line number="52" hits="27" branch="false" />
              </lines>
            </method>
            <method name="ObterQuantidadeOrdemSimular" signature="(...)" line-rate="1" branch-rate="1" complexity="2">
              <lines>
                <line number="60" hits="25" branch="false" />
                <line number="61" hits="25" branch="true" condition-coverage="100% (2/2)" />
                <line number="62" hits="14" branch="false" />
                <line number="63" hits="14" branch="false" />
                <line number="66" hits="11" branch="false" />
                <line number="67" hits="11" branch="false" />
                <line number="68" hits="11" branch="false" />
                <line number="70" hits="25" branch="false" />
              </lines>
            </method>
          </methods>
          <lines>
            <line number="19" hits="475" branch="false" />
            <line number="20" hits="475" branch="false" />
            <line number="21" hits="475" branch="false" />
            <line number="22" hits="475" branch="false" />
            <line number="23" hits="475" branch="false" />
            <line number="24" hits="475" branch="false" />
            <line number="25" hits="475" branch="false" />
            <line number="26" hits="475" branch="false" />
            <line number="34" hits="5" branch="false" />
            <line number="35" hits="5" branch="true" condition-coverage="100% (2/2)" />
            <line number="36" hits="1" branch="false" />
            <line number="38" hits="4" branch="false" />
            <line number="39" hits="5" branch="false" />
            <line number="47" hits="27" branch="false" />
            <line number="48" hits="27" branch="true" condition-coverage="100% (2/2)" />
            <line number="49" hits="4" branch="false" />
            <line number="51" hits="23" branch="false" />
            <line number="52" hits="27" branch="false" />
            <line number="60" hits="25" branch="false" />
            <line number="61" hits="25" branch="true" condition-coverage="100% (2/2)" />
            <line number="62" hits="14" branch="false" />
            <line number="63" hits="14" branch="false" />
            <line number="66" hits="11" branch="false" />
            <line number="67" hits="11" branch="false" />
            <line number="68" hits="11" branch="false" />
            <line number="70" hits="25" branch="false" />
          </lines>
        </class>
        <class name="XPInc.Cantarim.UI.Mobile.CrossPlatform.Mock.RandomGenerators.SorteioEnumMock&lt;T&gt;" filename="C:\github\ahcantarim\xpinc-xamarin-forms\src\XPInc.Cantarim.UI.Mobile.CrossPlatform\XPInc.Cantarim.UI.Mobile.CrossPlatform\Mock\RandomGenerators\SorteioEnumMock.cs" line-rate="1" branch-rate="1" complexity="NaN">
          <methods />
          <lines />
        </class>
        <class name="XPInc.Cantarim.UI.Mobile.CrossPlatform.Mock.RandomGenerators.SorteioOrdemMock" filename="C:\github\ahcantarim\xpinc-xamarin-forms\src\XPInc.Cantarim.UI.Mobile.CrossPlatform\XPInc.Cantarim.UI.Mobile.CrossPlatform\Mock\RandomGenerators\SorteioOrdemMock.cs" line-rate="1" branch-rate="1" complexity="7">
          <methods>
            <method name="DrawAssessor" signature="()" line-rate="1" branch-rate="1" complexity="1">
              <lines>
                <line number="17" hits="475" branch="false" />
                <line number="18" hits="475" branch="false" />
                <line number="19" hits="475" branch="false" />
              </lines>
            </method>
            <method name="DrawConta" signature="()" line-rate="1" branch-rate="1" complexity="1">
              <lines>
                <line number="26" hits="475" branch="false" />
                <line number="27" hits="475" branch="false" />
                <line number="28" hits="475" branch="false" />
                <line number="29" hits="475" branch="false" />
              </lines>
            </method>
            <method name="DrawAtivo" signature="()" line-rate="1" branch-rate="1" complexity="1">
              <lines>
                <line number="36" hits="475" branch="false" />
                <line number="37" hits="475" branch="false" />
                <line number="38" hits="475" branch="false" />
              </lines>
            </method>
            <method name="DrawTipo" signature="()" line-rate="1" branch-rate="1" complexity="1">
              <lines>
                <line number="45" hits="475" branch="false" />
                <line number="46" hits="475" branch="false" />
                <line number="47" hits="475" branch="false" />
              </lines>
            </method>
            <method name="DrawQuantidadeLotePadrao" signature="()" line-rate="1" branch-rate="1" complexity="1">
              <lines>
                <line number="54" hits="475" branch="false" />
                <line number="55" hits="475" branch="false" />
                <line number="56" hits="475" branch="false" />
              </lines>
            </method>
            <method name="DrawQuantidadeLoteFracionario" signature="()" line-rate="1" branch-rate="1" complexity="1">
              <lines>
                <line number="63" hits="272" branch="false" />
                <line number="64" hits="272" branch="false" />
                <line number="65" hits="272" branch="false" />
                <line number="66" hits="272" branch="false" />
              </lines>
            </method>
            <method name="DrawValor" signature="()" line-rate="1" branch-rate="1" complexity="1">
              <lines>
                <line number="73" hits="475" branch="false" />
                <line number="74" hits="475" branch="false" />
                <line number="76" hits="475" branch="false" />
                <line number="77" hits="475" branch="false" />
                <line number="79" hits="475" branch="false" />
                <line number="80" hits="475" branch="false" />
                <line number="82" hits="475" branch="false" />
                <line number="83" hits="475" branch="false" />
              </lines>
            </method>
          </methods>
          <lines>
            <line number="17" hits="475" branch="false" />
            <line number="18" hits="475" branch="false" />
            <line number="19" hits="475" branch="false" />
            <line number="26" hits="475" branch="false" />
            <line number="27" hits="475" branch="false" />
            <line number="28" hits="475" branch="false" />
            <line number="29" hits="475" branch="false" />
            <line number="36" hits="475" branch="false" />
            <line number="37" hits="475" branch="false" />
            <line number="38" hits="475" branch="false" />
            <line number="45" hits="475" branch="false" />
            <line number="46" hits="475" branch="false" />
            <line number="47" hits="475" branch="false" />
            <line number="54" hits="475" branch="false" />
            <line number="55" hits="475" branch="false" />
            <line number="56" hits="475" branch="false" />
            <line number="63" hits="272" branch="false" />
            <line number="64" hits="272" branch="false" />
            <line number="65" hits="272" branch="false" />
            <line number="66" hits="272" branch="false" />
            <line number="73" hits="475" branch="false" />
            <line number="74" hits="475" branch="false" />
            <line number="76" hits="475" branch="false" />
            <line number="77" hits="475" branch="false" />
            <line number="79" hits="475" branch="false" />
            <line number="80" hits="475" branch="false" />
            <line number="82" hits="475" branch="false" />
            <line number="83" hits="475" branch="false" />
          </lines>
        </class>
        <class name="XPInc.Cantarim.UI.Mobile.CrossPlatform.Mock.RandomGenerators.SorteioStringMock" filename="C:\github\ahcantarim\xpinc-xamarin-forms\src\XPInc.Cantarim.UI.Mobile.CrossPlatform\XPInc.Cantarim.UI.Mobile.CrossPlatform\Mock\RandomGenerators\SorteioStringMock.cs" line-rate="1" branch-rate="1" complexity="1">
          <methods>
            <method name="PickRandomValue" signature="(...)" line-rate="1" branch-rate="1" complexity="1">
              <lines>
                <line number="18" hits="1900" branch="false" />
                <line number="19" hits="1900" branch="false" />
                <line number="20" hits="1900" branch="false" />
                <line number="21" hits="1900" branch="false" />
                <line number="22" hits="1900" branch="false" />
              </lines>
            </method>
          </methods>
          <lines>
            <line number="18" hits="1900" branch="false" />
            <line number="19" hits="1900" branch="false" />
            <line number="20" hits="1900" branch="false" />
            <line number="21" hits="1900" branch="false" />
            <line number="22" hits="1900" branch="false" />
          </lines>
        </class>
        <class name="XPInc.Cantarim.UI.Mobile.CrossPlatform.Models.OrdemModel" filename="C:\github\ahcantarim\xpinc-xamarin-forms\src\XPInc.Cantarim.UI.Mobile.CrossPlatform\XPInc.Cantarim.UI.Mobile.CrossPlatform\Models\OrdemModel.cs" line-rate="1" branch-rate="1" complexity="12">
          <methods>
            <method name="get_DataHora" signature="()" line-rate="1" branch-rate="1" complexity="1">
              <lines>
                <line number="11" hits="475" branch="false" />
              </lines>
            </method>
            <method name="get_Assessor" signature="()" line-rate="1" branch-rate="1" complexity="1">
              <lines>
                <line number="13" hits="476" branch="false" />
              </lines>
            </method>
            <method name="get_Conta" signature="()" line-rate="1" branch-rate="1" complexity="1">
              <lines>
                <line number="15" hits="475" branch="false" />
              </lines>
            </method>
            <method name="get_Ativo" signature="()" line-rate="1" branch-rate="1" complexity="1">
              <lines>
                <line number="17" hits="476" branch="false" />
              </lines>
            </method>
            <method name="get_Tipo" signature="()" line-rate="1" branch-rate="1" complexity="1">
              <lines>
                <line number="19" hits="476" branch="false" />
              </lines>
            </method>
            <method name="get_Quantidade" signature="()" line-rate="1" branch-rate="1" complexity="1">
              <lines>
                <line number="21" hits="105316" branch="false" />
              </lines>
            </method>
            <method name="get_QuantidadeDisponivel" signature="()" line-rate="1" branch-rate="1" complexity="1">
              <lines>
                <line number="23" hits="69598" branch="false" />
              </lines>
            </method>
            <method name="get_QuantidadeExecutada" signature="()" line-rate="1" branch-rate="1" complexity="1">
              <lines>
                <line number="25" hits="71195" branch="false" />
              </lines>
            </method>
            <method name="get_Valor" signature="()" line-rate="1" branch-rate="1" complexity="1">
              <lines>
                <line number="27" hits="476" branch="false" />
              </lines>
            </method>
            <method name="SimularAlteracaoQuantidadeExecutada" signature="()" line-rate="1" branch-rate="1" complexity="2">
              <lines>
                <line number="34" hits="272" branch="false" />
                <line number="35" hits="272" branch="false" />
                <line number="37" hits="272" branch="true" condition-coverage="100% (2/2)" />
                <line number="38" hits="153" branch="false" />
                <line number="39" hits="272" branch="false" />
              </lines>
            </method>
            <method name=".ctor" signature="(...)" line-rate="1" branch-rate="1" complexity="1">
              <lines>
                <line number="45" hits="475" branch="false" />
                <line number="46" hits="475" branch="false" />
                <line number="47" hits="475" branch="false" />
                <line number="48" hits="475" branch="false" />
                <line number="49" hits="475" branch="false" />
                <line number="50" hits="475" branch="false" />
                <line number="51" hits="475" branch="false" />
                <line number="52" hits="475" branch="false" />
                <line number="53" hits="475" branch="false" />
                <line number="54" hits="475" branch="false" />
                <line number="55" hits="475" branch="false" />
              </lines>
            </method>
          </methods>
          <lines>
            <line number="11" hits="475" branch="false" />
            <line number="13" hits="476" branch="false" />
            <line number="15" hits="475" branch="false" />
            <line number="17" hits="476" branch="false" />
            <line number="19" hits="476" branch="false" />
            <line number="21" hits="105316" branch="false" />
            <line number="23" hits="69598" branch="false" />
            <line number="25" hits="71195" branch="false" />
            <line number="27" hits="476" branch="false" />
            <line number="34" hits="272" branch="false" />
            <line number="35" hits="272" branch="false" />
            <line number="37" hits="272" branch="true" condition-coverage="100% (2/2)" />
            <line number="38" hits="153" branch="false" />
            <line number="39" hits="272" branch="false" />
            <line number="45" hits="475" branch="false" />
            <line number="46" hits="475" branch="false" />
            <line number="47" hits="475" branch="false" />
            <line number="48" hits="475" branch="false" />
            <line number="49" hits="475" branch="false" />
            <line number="50" hits="475" branch="false" />
            <line number="51" hits="475" branch="false" />
            <line number="52" hits="475" branch="false" />
            <line number="53" hits="475" branch="false" />
            <line number="54" hits="475" branch="false" />
            <line number="55" hits="475" branch="false" />
          </lines>
        </class>
        <class name="XPInc.Cantarim.UI.Mobile.CrossPlatform.ViewModels.HistoricoOrdemViewModel" filename="C:\github\ahcantarim\xpinc-xamarin-forms\src\XPInc.Cantarim.UI.Mobile.CrossPlatform\XPInc.Cantarim.UI.Mobile.CrossPlatform\ViewModels\HistoricoOrdemViewModel.cs" line-rate="0.782608695652174" branch-rate="1" complexity="16">
          <methods>
            <method name="get__ordemDictionary" signature="()" line-rate="1" branch-rate="1" complexity="1">
              <lines>
                <line number="22" hits="2707" branch="false" />
              </lines>
            </method>
            <method name="get_OrdemCollection" signature="()" line-rate="1" branch-rate="1" complexity="1">
              <lines>
                <line number="28" hits="479" branch="false" />
              </lines>
            </method>
            <method name="get_TotalQuantidade" signature="()" line-rate="1" branch-rate="1" complexity="1">
              <lines>
                <line number="30" hits="464" branch="false" />
              </lines>
            </method>
            <method name="get_TotalQuantidadeDisponivel" signature="()" line-rate="1" branch-rate="1" complexity="1">
              <lines>
                <line number="32" hits="468" branch="false" />
              </lines>
            </method>
            <method name="AtualizarQuantidadesTotais" signature="()" line-rate="1" branch-rate="1" complexity="1">
              <lines>
                <line number="95" hits="467" branch="false" />
                <line number="96" hits="35132" branch="false" />
                <line number="97" hits="35132" branch="false" />
                <line number="100" hits="69797" branch="false" />
                <line number="101" hits="467" branch="false" />
              </lines>
            </method>
            <method name="IncluirOrdem" signature="(...)" line-rate="1" branch-rate="1" complexity="2">
              <lines>
                <line number="108" hits="451" branch="false" />
                <line number="109" hits="451" branch="false" />
                <line number="111" hits="451" branch="true" condition-coverage="100% (2/2)" />
                <line number="112" hits="451" branch="false" />
                <line number="113" hits="451" branch="false" />
                <line number="114" hits="451" branch="false" />
                <line number="115" hits="451" branch="false" />
              </lines>
            </method>
            <method name="AlterarOrdem" signature="(...)" line-rate="1" branch-rate="1" complexity="8">
              <lines>
                <line number="118" hits="150" branch="false" />
                <line number="119" hits="150" branch="false" />
                <line number="121" hits="150" branch="true" condition-coverage="100% (2/2)" />
                <line number="122" hits="134" branch="false" />
                <line number="124" hits="16" branch="false" />
                <line number="126" hits="566" branch="true" condition-coverage="100% (2/2)" />
                <line number="127" hits="267" branch="false" />
                <line number="128" hits="267" branch="false" />
                <line number="129" hits="267" branch="false" />
                <line number="131" hits="267" branch="false" />
                <line number="132" hits="267" branch="false" />
                <line number="134" hits="267" branch="true" condition-coverage="100% (2/2)" />
                <line number="135" hits="150" branch="false" />
                <line number="136" hits="267" branch="false" />
                <line number="138" hits="16" branch="true" condition-coverage="100% (2/2)" />
                <line number="139" hits="16" branch="false" />
                <line number="140" hits="16" branch="false" />
                <line number="141" hits="16" branch="false" />
                <line number="145" hits="16" branch="false" />
                <line number="147" hits="150" branch="false" />
              </lines>
            </method>
            <method name="&lt;ExecutarIniciarCronometroCommand" signature="()" line-rate="0" branch-rate="1" complexity="1">
              <lines>
                <line number="52" hits="0" branch="false" />
                <line number="53" hits="0" branch="false" />
                <line number="54" hits="0" branch="false" />
                <line number="56" hits="0" branch="false" />
                <line number="57" hits="0" branch="false" />
                <line number="58" hits="0" branch="false" />
                <line number="59" hits="0" branch="false" />
                <line number="61" hits="0" branch="false" />
                <line number="62" hits="0" branch="false" />
              </lines>
            </method>
          </methods>
          <lines>
            <line number="22" hits="2707" branch="false" />
            <line number="28" hits="479" branch="false" />
            <line number="30" hits="464" branch="false" />
            <line number="32" hits="468" branch="false" />
            <line number="39" hits="0" branch="false" />
            <line number="52" hits="0" branch="false" />
            <line number="53" hits="0" branch="false" />
            <line number="54" hits="0" branch="false" />
            <line number="56" hits="0" branch="false" />
            <line number="57" hits="0" branch="false" />
            <line number="58" hits="0" branch="false" />
            <line number="59" hits="0" branch="false" />
            <line number="61" hits="0" branch="false" />
            <line number="62" hits="0" branch="false" />
            <line number="95" hits="467" branch="false" />
            <line number="96" hits="35132" branch="false" />
            <line number="97" hits="35132" branch="false" />
            <line number="100" hits="69797" branch="false" />
            <line number="101" hits="467" branch="false" />
            <line number="108" hits="451" branch="false" />
            <line number="109" hits="451" branch="false" />
            <line number="111" hits="451" branch="true" condition-coverage="100% (2/2)" />
            <line number="112" hits="451" branch="false" />
            <line number="113" hits="451" branch="false" />
            <line number="114" hits="451" branch="false" />
            <line number="115" hits="451" branch="false" />
            <line number="118" hits="150" branch="false" />
            <line number="119" hits="150" branch="false" />
            <line number="121" hits="150" branch="true" condition-coverage="100% (2/2)" />
            <line number="122" hits="134" branch="false" />
            <line number="124" hits="16" branch="false" />
            <line number="126" hits="566" branch="true" condition-coverage="100% (2/2)" />
            <line number="127" hits="267" branch="false" />
            <line number="128" hits="267" branch="false" />
            <line number="129" hits="267" branch="false" />
            <line number="131" hits="267" branch="false" />
            <line number="132" hits="267" branch="false" />
            <line number="134" hits="267" branch="true" condition-coverage="100% (2/2)" />
            <line number="135" hits="150" branch="false" />
            <line number="136" hits="267" branch="false" />
            <line number="138" hits="16" branch="true" condition-coverage="100% (2/2)" />
            <line number="139" hits="16" branch="false" />
            <line number="140" hits="16" branch="false" />
            <line number="141" hits="16" branch="false" />
            <line number="145" hits="16" branch="false" />
            <line number="147" hits="150" branch="false" />
          </lines>
        </class>
      </classes>
    </package>
  </packages>
</coverage>